# JRE version: OpenJDK Runtime Environment (8.0_242-b01) (build 1.8.0_242-release-1644-b01)
# Java VM: OpenJDK 64-Bit Server VM (25.242-b01 mixed mode windows-amd64 compressed oops)
Heap:
 PSYoungGen      total 613376K, used 24233K [0x00000000d5580000, 0x0000000100000000, 0x0000000100000000)
  eden space 535552K, 3% used [0x00000000d5580000,0x00000000d66302c0,0x00000000f6080000)
  from space 77824K, 9% used [0x00000000f6080000,0x00000000f677a2d8,0x00000000fac80000)
  to   space 78848K, 0% used [0x00000000fb300000,0x00000000fb300000,0x0000000100000000)
 ParOldGen       total 220160K, used 189486K [0x0000000080000000, 0x000000008d700000, 0x00000000d5580000)
  object space 220160K, 86% used [0x0000000080000000,0x000000008b90b938,0x000000008d700000)
 Metaspace       used 128119K, capacity 137288K, committed 137420K, reserved 1169408K
  class space    used 16339K, capacity 18063K, committed 18176K, reserved 1048576K
GC Heap History (10 events):
Event: 2912.037 GC heap before
{Heap before GC invocations=41 (full 4):
 PSYoungGen      total 618496K, used 581049K [0x00000000d5580000, 0x0000000100000000, 0x0000000100000000)
  eden space 537088K, 100% used [0x00000000d5580000,0x00000000f6200000,0x00000000f6200000)
  from space 81408K, 54% used [0x00000000fb080000,0x00000000fdb6e460,0x0000000100000000)
  to   space 80384K, 0% used [0x00000000f6200000,0x00000000f6200000,0x00000000fb080000)
 ParOldGen       total 220160K, used 142867K [0x0000000080000000, 0x000000008d700000, 0x00000000d5580000)
  object space 220160K, 64% used [0x0000000080000000,0x0000000088b84f30,0x000000008d700000)
 Metaspace       used 128077K, capacity 137220K, committed 137420K, reserved 1169408K
  class space    used 16336K, capacity 18063K, committed 18176K, reserved 1048576K
Event: 2912.274 GC heap after
Heap after GC invocations=41 (full 4):
 PSYoungGen      total 589312K, used 52122K [0x00000000d5580000, 0x0000000100000000, 0x0000000100000000)
  eden space 537088K, 0% used [0x00000000d5580000,0x00000000d5580000,0x00000000f6200000)
  from space 52224K, 99% used [0x00000000f6200000,0x00000000f94e6840,0x00000000f9500000)
  to   space 82432K, 0% used [0x00000000faf80000,0x00000000faf80000,0x0000000100000000)
 ParOldGen       total 220160K, used 144991K [0x0000000080000000, 0x000000008d700000, 0x00000000d5580000)
  object space 220160K, 65% used [0x0000000080000000,0x0000000088d97c00,0x000000008d700000)
 Metaspace       used 128077K, capacity 137220K, committed 137420K, reserved 1169408K
  class space    used 16336K, capacity 18063K, committed 18176K, reserved 1048576K
}
Event: 2916.942 GC heap before
{Heap before GC invocations=42 (full 4):
 PSYoungGen      total 589312K, used 589210K [0x00000000d5580000, 0x0000000100000000, 0x0000000100000000)
  eden space 537088K, 100% used [0x00000000d5580000,0x00000000f6200000,0x00000000f6200000)
  from space 52224K, 99% used [0x00000000f6200000,0x00000000f94e6840,0x00000000f9500000)
  to   space 82432K, 0% used [0x00000000faf80000,0x00000000faf80000,0x0000000100000000)
 ParOldGen       total 220160K, used 144991K [0x0000000080000000, 0x000000008d700000, 0x00000000d5580000)
  object space 220160K, 65% used [0x0000000080000000,0x0000000088d97c00,0x000000008d700000)
 Metaspace       used 128102K, capacity 137288K, committed 137420K, reserved 1169408K
  class space    used 16337K, capacity 18063K, committed 18176K, reserved 1048576K
Event: 2917.186 GC heap after
Heap after GC invocations=42 (full 4):
 PSYoungGen      total 615424K, used 50968K [0x00000000d5580000, 0x0000000100000000, 0x0000000100000000)
  eden space 532992K, 0% used [0x00000000d5580000,0x00000000d5580000,0x00000000f5e00000)
  from space 82432K, 61% used [0x00000000faf80000,0x00000000fe146180,0x0000000100000000)
  to   space 82944K, 0% used [0x00000000f5e00000,0x00000000f5e00000,0x00000000faf00000)
 ParOldGen       total 220160K, used 168080K [0x0000000080000000, 0x000000008d700000, 0x00000000d5580000)
  object space 220160K, 76% used [0x0000000080000000,0x000000008a424158,0x000000008d700000)
 Metaspace       used 128102K, capacity 137288K, committed 137420K, reserved 1169408K
  class space    used 16337K, capacity 18063K, committed 18176K, reserved 1048576K
}
Event: 2921.695 GC heap before
{Heap before GC invocations=43 (full 4):
 PSYoungGen      total 615424K, used 583960K [0x00000000d5580000, 0x0000000100000000, 0x0000000100000000)
  eden space 532992K, 100% used [0x00000000d5580000,0x00000000f5e00000,0x00000000f5e00000)
  from space 82432K, 61% used [0x00000000faf80000,0x00000000fe146180,0x0000000100000000)
  to   space 82944K, 0% used [0x00000000f5e00000,0x00000000f5e00000,0x00000000faf00000)
 ParOldGen       total 220160K, used 168080K [0x0000000080000000, 0x000000008d700000, 0x00000000d5580000)
  object space 220160K, 76% used [0x0000000080000000,0x000000008a424158,0x000000008d700000)
 Metaspace       used 128110K, capacity 137288K, committed 137420K, reserved 1169408K
  class space    used 16339K, capacity 18063K, committed 18176K, reserved 1048576K
Event: 2921.920 GC heap after
Heap after GC invocations=43 (full 4):
 PSYoungGen      total 574976K, used 41561K [0x00000000d5580000, 0x00000000ffa80000, 0x0000000100000000)
  eden space 532992K, 0% used [0x00000000d5580000,0x00000000d5580000,0x00000000f5e00000)
  from space 41984K, 98% used [0x00000000f5e00000,0x00000000f8696450,0x00000000f8700000)
  to   space 79872K, 0% used [0x00000000fac80000,0x00000000fac80000,0x00000000ffa80000)
 ParOldGen       total 220160K, used 179020K [0x0000000080000000, 0x000000008d700000, 0x00000000d5580000)
  object space 220160K, 81% used [0x0000000080000000,0x000000008aed3080,0x000000008d700000)
 Metaspace       used 128110K, capacity 137288K, committed 137420K, reserved 1169408K
  class space    used 16339K, capacity 18063K, committed 18176K, reserved 1048576K
}
Event: 2926.201 GC heap before
{Heap before GC invocations=44 (full 4):
 PSYoungGen      total 574976K, used 574553K [0x00000000d5580000, 0x00000000ffa80000, 0x0000000100000000)
  eden space 532992K, 100% used [0x00000000d5580000,0x00000000f5e00000,0x00000000f5e00000)
  from space 41984K, 98% used [0x00000000f5e00000,0x00000000f8696450,0x00000000f8700000)
  to   space 79872K, 0% used [0x00000000fac80000,0x00000000fac80000,0x00000000ffa80000)
 ParOldGen       total 220160K, used 179020K [0x0000000080000000, 0x000000008d700000, 0x00000000d5580000)
  object space 220160K, 81% used [0x0000000080000000,0x000000008aed3080,0x000000008d700000)
 Metaspace       used 128112K, capacity 137288K, committed 137420K, reserved 1169408K
  class space    used 16339K, capacity 18063K, committed 18176K, reserved 1048576K
Event: 2926.514 GC heap after
Heap after GC invocations=44 (full 4):
 PSYoungGen      total 615424K, used 26876K [0x00000000d5580000, 0x0000000100000000, 0x0000000100000000)
  eden space 535552K, 0% used [0x00000000d5580000,0x00000000d5580000,0x00000000f6080000)
  from space 79872K, 33% used [0x00000000fac80000,0x00000000fc6bf2e0,0x00000000ffa80000)
  to   space 77824K, 0% used [0x00000000f6080000,0x00000000f6080000,0x00000000fac80000)
 ParOldGen       total 220160K, used 188616K [0x0000000080000000, 0x000000008d700000, 0x00000000d5580000)
  object space 220160K, 85% used [0x0000000080000000,0x000000008b832098,0x000000008d700000)
 Metaspace       used 128112K, capacity 137288K, committed 137420K, reserved 1169408K
  class space    used 16339K, capacity 18063K, committed 18176K, reserved 1048576K
}
Event: 2930.420 GC heap before
{Heap before GC invocations=45 (full 4):
 PSYoungGen      total 615424K, used 562428K [0x00000000d5580000, 0x0000000100000000, 0x0000000100000000)
  eden space 535552K, 100% used [0x00000000d5580000,0x00000000f6080000,0x00000000f6080000)
  from space 79872K, 33% used [0x00000000fac80000,0x00000000fc6bf2e0,0x00000000ffa80000)
  to   space 77824K, 0% used [0x00000000f6080000,0x00000000f6080000,0x00000000fac80000)
 ParOldGen       total 220160K, used 188616K [0x0000000080000000, 0x000000008d700000, 0x00000000d5580000)
  object space 220160K, 85% used [0x0000000080000000,0x000000008b832098,0x000000008d700000)
 Metaspace       used 128119K, capacity 137288K, committed 137420K, reserved 1169408K
  class space    used 16339K, capacity 18063K, committed 18176K, reserved 1048576K
Event: 2930.467 GC heap after
Heap after GC invocations=45 (full 4):
 PSYoungGen      total 613376K, used 7144K [0x00000000d5580000, 0x0000000100000000, 0x0000000100000000)
  eden space 535552K, 0% used [0x00000000d5580000,0x00000000d5580000,0x00000000f6080000)
  from space 77824K, 9% used [0x00000000f6080000,0x00000000f677a2d8,0x00000000fac80000)
  to   space 78848K, 0% used [0x00000000fb300000,0x00000000fb300000,0x0000000100000000)
 ParOldGen       total 220160K, used 189486K [0x0000000080000000, 0x000000008d700000, 0x00000000d5580000)
  object space 220160K, 86% used [0x0000000080000000,0x000000008b90b938,0x000000008d700000)
 Metaspace       used 128119K, capacity 137288K, committed 137420K, reserved 1169408K
  class space    used 16339K, capacity 18063K, committed 18176K, reserved 1048576K
}

